<?xml version="1.0" encoding="utf-8" standalone="no"?>
<!--This file represents the results of running a test suite-->
<test-results name="C:\Users\Shashi\Documents\Visual Studio 2010\Projects\TestWS\TestWS\bin\Debug\TestWS.dll" total="1" errors="0" failures="0" not-run="0" inconclusive="0" ignored="0" skipped="0" invalid="0" date="2015-04-13" time="21:45:13">
  <environment nunit-version="2.6.4.14350" clr-version="2.0.50727.5483" os-version="Microsoft Windows NT 6.1.7601 Service Pack 1" platform="Win32NT" cwd="C:\Program Files (x86)\NUnit 2.6.4\bin" machine-name="SHASHI-PC" user="Shashi" user-domain="Shashi-PC" />
  <culture-info current-culture="en-IN" current-uiculture="en-US" />
  <test-suite type="Assembly" name="C:\Users\Shashi\Documents\Visual Studio 2010\Projects\TestWS\TestWS\bin\Debug\TestWS.dll" executed="True" result="Success" success="True" time="1.573" asserts="0">
    <results>
      <test-suite type="Namespace" name="TestWS" executed="True" result="Success" success="True" time="1.554" asserts="0">
        <results>
          <test-suite type="TestFixture" name="Service" executed="True" result="Success" success="True" time="1.552" asserts="0">
            <results>
              <test-case name="TestWS.Service.InsertItemDetails" executed="True" result="Success" success="True" time="1.535" asserts="1" />
            </results>
          </test-suite>
        </results>
      </test-suite>
    </results>
  </test-suite>
</test-results>